/*C12*/SET SCHEMA PUBLIC
create table pedido (id bigint not null, cliente varchar(255), critica varchar(255), data_pedido varchar(255), num_pederp varchar(255), num_ped_rca varchar(255), status varchar(255), valor varchar(255), primary key (id))
create sequence hibernate_sequence start with 1 increment by 1
INSERT INTO PEDIDO VALUES(1,'40.795 - A E D REMEDIOS E PERFUMARIA','ok','10/12/2020','5.421.800.637','5.421.800.637','Processado','617,70')
ALTER SEQUENCE PUBLIC.HIBERNATE_SEQUENCE RESTART WITH 2
COMMIT
INSERT INTO PEDIDO VALUES(2,'40.795 - A E D REMEDIOS E PERFUMARIA','Processamento','05/05/2020','5.421.800.637','5.421.800.637','Em Processamento','617,70')
ALTER SEQUENCE PUBLIC.HIBERNATE_SEQUENCE RESTART WITH 3
COMMIT
DELETE FROM PEDIDO WHERE ID=2
INSERT INTO PEDIDO VALUES(2,'40.795 - A E D REMEDIOS E PERFUMARIA','Processamento','14/02/2021','5.421.800.637','5.421.800.637','Em Processamento','617,70')
COMMIT
/*C14*/SET SCHEMA PUBLIC
DISCONNECT
/*C16*/SET SCHEMA PUBLIC
DISCONNECT
/*C21*/SET SCHEMA PUBLIC
DISCONNECT
/*C19*/SET SCHEMA PUBLIC
DISCONNECT
/*C12*/DISCONNECT
/*C18*/SET SCHEMA PUBLIC
DISCONNECT
/*C20*/SET SCHEMA PUBLIC
DISCONNECT
/*C15*/SET SCHEMA PUBLIC
DISCONNECT
/*C17*/SET SCHEMA PUBLIC
DISCONNECT
/*C13*/SET SCHEMA PUBLIC
DISCONNECT
/*C22*/SET SCHEMA PUBLIC
DISCONNECT
/*C25*/SET SCHEMA PUBLIC
DISCONNECT
/*C23*/SET SCHEMA PUBLIC
DISCONNECT
/*C29*/SET SCHEMA PUBLIC
DISCONNECT
/*C26*/SET SCHEMA PUBLIC
DISCONNECT
/*C24*/SET SCHEMA PUBLIC
DISCONNECT
/*C30*/SET SCHEMA PUBLIC
DISCONNECT
/*C31*/SET SCHEMA PUBLIC
DISCONNECT
/*C28*/SET SCHEMA PUBLIC
DISCONNECT
/*C27*/SET SCHEMA PUBLIC
DISCONNECT
/*C33*/SET SCHEMA PUBLIC
DISCONNECT
/*C40*/SET SCHEMA PUBLIC
DISCONNECT
/*C38*/SET SCHEMA PUBLIC
DISCONNECT
/*C36*/SET SCHEMA PUBLIC
DISCONNECT
/*C32*/SET SCHEMA PUBLIC
DISCONNECT
/*C34*/SET SCHEMA PUBLIC
DISCONNECT
/*C41*/SET SCHEMA PUBLIC
DISCONNECT
/*C35*/SET SCHEMA PUBLIC
DISCONNECT
/*C39*/SET SCHEMA PUBLIC
DISCONNECT
/*C37*/SET SCHEMA PUBLIC
DISCONNECT
/*C50*/SET SCHEMA PUBLIC
DISCONNECT
/*C51*/SET SCHEMA PUBLIC
DISCONNECT
/*C42*/SET SCHEMA PUBLIC
DISCONNECT
/*C49*/SET SCHEMA PUBLIC
DISCONNECT
/*C44*/SET SCHEMA PUBLIC
DISCONNECT
/*C45*/SET SCHEMA PUBLIC
DISCONNECT
/*C48*/SET SCHEMA PUBLIC
DISCONNECT
/*C47*/SET SCHEMA PUBLIC
DISCONNECT
/*C46*/SET SCHEMA PUBLIC
DISCONNECT
/*C43*/SET SCHEMA PUBLIC
DISCONNECT
/*C52*/SET SCHEMA PUBLIC
INSERT INTO PEDIDO VALUES(3,'40.795 - A E D REMEDIOS E PERFUMARIA','ok','13/02/2021','5.421.800.637','5.421.800.637','Processador','617,70')
ALTER SEQUENCE PUBLIC.HIBERNATE_SEQUENCE RESTART WITH 4
COMMIT
DELETE FROM PEDIDO WHERE ID=3
INSERT INTO PEDIDO VALUES(3,'40.795 - A E D REMEDIOS E PERFUMARIA','ok','13/02/2021','5.421.800.637','5.421.800.637','Processado','617,70')
COMMIT
INSERT INTO PEDIDO VALUES(4,'40.795 - A E D REMEDIOS E PERFUMARIA','ok','12/02/2021','5.421.800.637','5.421.800.637','Processado','617,70')
ALTER SEQUENCE PUBLIC.HIBERNATE_SEQUENCE RESTART WITH 5
COMMIT
INSERT INTO PEDIDO VALUES(5,'40.795 - A E D REMEDIOS E PERFUMARIA','ok','11/02/2021','5.421.800.637','5.421.800.637','Processado','617,70')
ALTER SEQUENCE PUBLIC.HIBERNATE_SEQUENCE RESTART WITH 6
COMMIT
